{"name": "test_link_about", "status": "failed", "statusDetails": {"message": "AssertionError", "trace": "def test_link_about():\n            options = webdriver.ChromeOptions()\n            options.add_experimental_option('detach', True)\n    \n            driver = webdriver.Chrome(\n                service=ChromeService(ChromeDriverManager().install()),\n                options=options\n            )\n    \n    \n            print('Start test')\n    \n            login = Login_page(driver)\n            login.authorization()\n    \n            time.sleep(5)\n    \n            mp = Main_page(driver)\n>           mp.about_link()\n\ntests\\test_about_link.py:36: \n_ _ _ _ _ _ _ _ _ _ _ _ _ _ _ _ _ _ _ _ _ _ _ _ _ _ _ _ _ _ _ _ _ _ _ _ _ _ _ _ _ _ _ _ _ _ _ _ _ _ _ _ _ _ _ _ _ _ _ _ _ _ _ _ _ _ _ _ _ _ _ _ _ _ _ _ _ _ _ _ \npages\\main_page.py:113: in about_link\n    self.assert_url('https://saucelabs.com/')\n_ _ _ _ _ _ _ _ _ _ _ _ _ _ _ _ _ _ _ _ _ _ _ _ _ _ _ _ _ _ _ _ _ _ _ _ _ _ _ _ _ _ _ _ _ _ _ _ _ _ _ _ _ _ _ _ _ _ _ _ _ _ _ _ _ _ _ _ _ _ _ _ _ _ _ _ _ _ _ _ \n\nself = <pages.main_page.Main_page object at 0x000002358308D940>, result = 'https://saucelabs.com/'\n\n    def assert_url(self, result):\n        get_url = self.driver.current_url\n>       assert get_url == result\nE       AssertionError\n\nbase\\base_class.py:31: AssertionError"}, "steps": [{"name": "authorization", "status": "passed", "start": 1746910116195, "stop": 1746910116720}, {"name": "about link", "status": "failed", "statusDetails": {"message": "AssertionError\n", "trace": "  File \"C:\\Users\\kubay\\Desktop\\MainProject\\pages\\main_page.py\", line 113, in about_link\n    self.assert_url('https://saucelabs.com/')\n    ~~~~~~~~~~~~~~~^^^^^^^^^^^^^^^^^^^^^^^^^^\n  File \"C:\\Users\\kubay\\Desktop\\MainProject\\base\\base_class.py\", line 31, in assert_url\n    assert get_url == result\n           ^^^^^^^^^^^^^^^^^\n"}, "start": 1746910121720, "stop": 1746910131168}], "attachments": [{"name": "stdout", "source": "03f68e6b-8c2d-40fa-90fe-ab1c8df38ec5-attachment.txt", "type": "text/plain"}], "start": 1746910114349, "stop": 1746910131170, "uuid": "594b921a-6fa3-4e68-a6c3-c333f1b8cfa2", "historyId": "0001ad650e5807f642257eb81489931e", "testCaseId": "0001ad650e5807f642257eb81489931e", "fullName": "tests.test_about_link#test_link_about", "labels": [{"name": "parentSuite", "value": "tests"}, {"name": "suite", "value": "test_about_link"}, {"name": "host", "value": "lan"}, {"name": "thread", "value": "17188-MainThread"}, {"name": "framework", "value": "pytest"}, {"name": "language", "value": "cpython3"}, {"name": "package", "value": "tests.test_about_link"}]}